[2024-02-03_20-51-58 INFO src\network\node.rs blockchain::network::node] Starting the node
[2024-02-03_20-51-58 INFO src\network\node.rs blockchain::network::node] Node started successfully
[2024-02-03_20-51-58 INFO src\network\node.rs blockchain::network::node] Started main loop thread
[2024-02-03_20-51-58 INFO src\network\node.rs blockchain::network::node] Started heart beat thread
[2024-02-03_20-51-59 INFO src\network\node.rs blockchain::network::node] Info: Height: 1
[2024-02-03_20-52-02 INFO src\network\node.rs blockchain::network::node] Info: Height: 1
[2024-02-03_20-52-05 INFO src\network\node.rs blockchain::network::node] Info: Height: 1
[2024-02-03_20-52-07 INFO src\network\node.rs blockchain::network::node] Lottery won!
[2024-02-03_20-52-07 INFO src\network\node.rs blockchain::network::node] Took about 39.8µs to add to chain
[2024-02-03_20-52-08 INFO src\network\node.rs blockchain::network::node] Info: Height: 2
[2024-02-03_20-52-11 INFO src\network\node.rs blockchain::network::node] Info: Height: 2
[2024-02-03_20-52-14 INFO src\network\node.rs blockchain::network::node] Info: Height: 2
[2024-02-03_20-52-17 INFO src\network\node.rs blockchain::network::node] Info: Height: 2
[2024-02-03_20-52-18 INFO src\network\node.rs blockchain::network::node] Lottery won!
[2024-02-03_20-52-18 INFO src\network\node.rs blockchain::network::node] Took about 39.2µs to add to chain
[2024-02-03_20-52-18 INFO src\network\node.rs blockchain::network::node] Sending bytes to http://localhost:1234/block
[2024-02-03_20-52-19 INFO src\network\node.rs blockchain::network::node] Finished broadcasting
[2024-02-03_20-52-19 INFO src\network\node.rs blockchain::network::node] Lottery won!
[2024-02-03_20-52-19 INFO src\network\node.rs blockchain::network::node] Took about 31.6µs to add to chain
[2024-02-03_20-52-19 INFO src\network\node.rs blockchain::network::node] Sending bytes to http://localhost:1234/block
[2024-02-03_20-52-20 INFO src\network\node.rs blockchain::network::node] Finished broadcasting
[2024-02-03_20-52-20 INFO src\network\node.rs blockchain::network::node] Info: Height: 4
[2024-02-03_20-52-23 INFO src\network\node.rs blockchain::network::node] Info: Height: 4
[2024-02-03_20-52-26 INFO src\network\node.rs blockchain::network::node] Info: Height: 4
[2024-02-03_20-52-29 INFO src\network\node.rs blockchain::network::node] Info: Height: 4
[2024-02-03_20-52-32 INFO src\network\node.rs blockchain::network::node] Info: Height: 4
[2024-02-03_20-52-35 INFO src\network\node.rs blockchain::network::node] Info: Height: 4
[2024-02-03_20-52-38 INFO src\network\node.rs blockchain::network::node] Info: Height: 4
[2024-02-03_20-52-41 INFO src\network\node.rs blockchain::network::node] Info: Height: 4
[2024-02-03_20-52-44 INFO src\network\node.rs blockchain::network::node] Info: Height: 4
[2024-02-03_20-52-47 INFO src\network\node.rs blockchain::network::node] Info: Height: 4
[2024-02-03_20-52-50 INFO src\network\node.rs blockchain::network::node] Info: Height: 4
[2024-02-03_20-52-53 INFO src\network\node.rs blockchain::network::node] Info: Height: 4
[2024-02-03_20-52-56 INFO src\network\node.rs blockchain::network::node] Info: Height: 4
[2024-02-03_20-52-59 INFO src\network\node.rs blockchain::network::node] Info: Height: 4
[2024-02-03_20-53-02 INFO src\network\node.rs blockchain::network::node] Info: Height: 4
[2024-02-03_20-53-05 INFO src\network\node.rs blockchain::network::node] Info: Height: 4
[2024-02-03_20-53-08 INFO src\network\node.rs blockchain::network::node] Info: Height: 4
[2024-02-03_20-53-11 INFO src\network\node.rs blockchain::network::node] Info: Height: 4
[2024-02-03_20-53-14 INFO src\network\node.rs blockchain::network::node] Lottery won!
[2024-02-03_20-53-14 INFO src\network\node.rs blockchain::network::node] Took about 46.6µs to add to chain
[2024-02-03_20-53-14 INFO src\network\node.rs blockchain::network::node] Info: Height: 5
[2024-02-03_20-53-14 INFO src\network\node.rs blockchain::network::node] Sending bytes to http://localhost:1234/block
[2024-02-03_20-53-15 INFO src\network\node.rs blockchain::network::node] Finished broadcasting
[2024-02-03_20-53-17 INFO src\network\node.rs blockchain::network::node] Info: Height: 5
[2024-02-03_20-53-20 INFO src\network\node.rs blockchain::network::node] Lottery won!
[2024-02-03_20-53-20 INFO src\network\node.rs blockchain::network::node] Took about 28.4µs to add to chain
[2024-02-03_20-53-20 INFO src\network\node.rs blockchain::network::node] Info: Height: 6
[2024-02-03_20-53-20 INFO src\network\node.rs blockchain::network::node] Sending bytes to http://localhost:1234/block
[2024-02-03_20-53-21 INFO src\network\node.rs blockchain::network::node] Finished broadcasting
[2024-02-03_20-53-23 INFO src\network\node.rs blockchain::network::node] Info: Height: 6
[2024-02-03_20-53-26 INFO src\network\node.rs blockchain::network::node] Info: Height: 6
[2024-02-03_20-53-27 INFO src\network\node.rs blockchain::network::node] Lottery won!
[2024-02-03_20-53-27 INFO src\network\node.rs blockchain::network::node] Took about 21.9µs to add to chain
[2024-02-03_20-53-27 INFO src\network\node.rs blockchain::network::node] Sending bytes to http://localhost:1234/block
[2024-02-03_20-53-28 INFO src\network\node.rs blockchain::network::node] Finished broadcasting
[2024-02-03_20-53-29 INFO src\network\node.rs blockchain::network::node] Lottery won!
[2024-02-03_20-53-29 INFO src\network\node.rs blockchain::network::node] Took about 26.6µs to add to chain
[2024-02-03_20-53-29 INFO src\network\node.rs blockchain::network::node] Info: Height: 8
[2024-02-03_20-53-29 INFO src\network\node.rs blockchain::network::node] Sending bytes to http://localhost:1234/block
[2024-02-03_20-53-30 INFO src\network\node.rs blockchain::network::node] Finished broadcasting
[2024-02-03_20-53-32 INFO src\network\node.rs blockchain::network::node] Info: Height: 8
[2024-02-03_20-53-35 INFO src\network\node.rs blockchain::network::node] Info: Height: 8
[2024-02-03_20-53-38 INFO src\network\node.rs blockchain::network::node] Info: Height: 8
[2024-02-03_20-53-41 INFO src\network\node.rs blockchain::network::node] Info: Height: 8
[2024-02-03_20-53-44 INFO src\network\node.rs blockchain::network::node] Info: Height: 8
[2024-02-03_20-53-45 INFO src\network\node.rs blockchain::network::node] Lottery won!
[2024-02-03_20-53-45 INFO src\network\node.rs blockchain::network::node] Took about 23.7µs to add to chain
[2024-02-03_20-53-45 INFO src\network\node.rs blockchain::network::node] Sending bytes to http://localhost:1234/block
[2024-02-03_20-53-46 INFO src\network\node.rs blockchain::network::node] Finished broadcasting
[2024-02-03_20-53-47 INFO src\network\node.rs blockchain::network::node] Info: Height: 9
[2024-02-03_20-53-50 INFO src\network\node.rs blockchain::network::node] Info: Height: 9
[2024-02-03_20-53-53 INFO src\network\node.rs blockchain::network::node] Info: Height: 9
[2024-02-03_20-53-56 INFO src\network\node.rs blockchain::network::node] Info: Height: 9
[2024-02-03_20-53-59 INFO src\network\node.rs blockchain::network::node] Info: Height: 9
[2024-02-03_20-54-02 INFO src\network\node.rs blockchain::network::node] Info: Height: 9
[2024-02-03_20-54-05 INFO src\network\node.rs blockchain::network::node] Info: Height: 9
[2024-02-03_20-54-06 INFO src\network\node.rs blockchain::network::node] Sending bytes to http://localhost:1234/block
[2024-02-03_20-54-07 INFO src\network\node.rs blockchain::network::node] Finished broadcasting
[2024-02-03_20-54-08 INFO src\network\node.rs blockchain::network::node] Info: Height: 9
[2024-02-03_20-54-11 INFO src\network\node.rs blockchain::network::node] Info: Height: 9
[2024-02-03_20-54-14 INFO src\network\node.rs blockchain::network::node] Info: Height: 9
[2024-02-03_20-54-17 INFO src\network\node.rs blockchain::network::node] Info: Height: 9
[2024-02-03_20-54-18 INFO src\network\node.rs blockchain::network::node] Lottery won!
[2024-02-03_20-54-18 INFO src\network\node.rs blockchain::network::node] Took about 31.8µs to add to chain
[2024-02-03_20-54-20 INFO src\network\node.rs blockchain::network::node] Lottery won!
[2024-02-03_20-54-20 INFO src\network\node.rs blockchain::network::node] Took about 20.8µs to add to chain
[2024-02-03_20-54-20 INFO src\network\node.rs blockchain::network::node] Info: Height: 11
[2024-02-03_20-54-20 INFO src\network\node.rs blockchain::network::node] Sending bytes to http://localhost:1234/block
[2024-02-03_20-54-21 INFO src\network\node.rs blockchain::network::node] Finished broadcasting
[2024-02-03_20-54-23 INFO src\network\node.rs blockchain::network::node] Info: Height: 11
[2024-02-03_20-54-26 INFO src\network\node.rs blockchain::network::node] Info: Height: 11
[2024-02-03_20-54-29 INFO src\network\node.rs blockchain::network::node] Info: Height: 11
[2024-02-03_20-54-32 INFO src\network\node.rs blockchain::network::node] Lottery won!
[2024-02-03_20-54-32 INFO src\network\node.rs blockchain::network::node] Took about 24.9µs to add to chain
[2024-02-03_20-54-32 INFO src\network\node.rs blockchain::network::node] Info: Height: 12
[2024-02-03_20-54-32 INFO src\network\node.rs blockchain::network::node] Sending bytes to http://localhost:1234/block
[2024-02-03_20-54-33 INFO src\network\node.rs blockchain::network::node] Finished broadcasting
[2024-02-03_20-54-33 INFO src\network\node.rs blockchain::network::node] Lottery won!
[2024-02-03_20-54-33 INFO src\network\node.rs blockchain::network::node] Took about 25.5µs to add to chain
[2024-02-03_20-54-33 INFO src\network\node.rs blockchain::network::node] Sending bytes to http://localhost:1234/block
[2024-02-03_20-54-34 INFO src\network\node.rs blockchain::network::node] Finished broadcasting
[2024-02-03_20-54-35 INFO src\network\node.rs blockchain::network::node] Info: Height: 13
[2024-02-03_20-54-38 INFO src\network\node.rs blockchain::network::node] Info: Height: 13
[2024-02-03_20-54-39 INFO src\network\node.rs blockchain::network::node] Lottery won!
[2024-02-03_20-54-40 INFO src\network\node.rs blockchain::network::node] Took about 55.1µs to add to chain
[2024-02-03_20-54-40 INFO src\network\node.rs blockchain::network::node] Sending bytes to http://localhost:1234/block
[2024-02-03_20-54-40 INFO src\network\node.rs blockchain::network::node] Finished broadcasting
[2024-02-03_20-54-40 INFO src\network\node.rs blockchain::network::node] Lottery won!
[2024-02-03_20-54-40 INFO src\network\node.rs blockchain::network::node] Took about 37.2µs to add to chain
[2024-02-03_20-54-40 INFO src\network\node.rs blockchain::network::node] Sending bytes to http://localhost:1234/block
[2024-02-03_20-54-41 INFO src\network\node.rs blockchain::network::node] Finished broadcasting
[2024-02-03_20-54-41 INFO src\network\node.rs blockchain::network::node] Info: Height: 15
[2024-02-03_20-54-44 INFO src\network\node.rs blockchain::network::node] Info: Height: 15
[2024-02-03_20-54-47 INFO src\network\node.rs blockchain::network::node] Info: Height: 15
[2024-02-03_20-54-50 INFO src\network\node.rs blockchain::network::node] Info: Height: 15
[2024-02-03_20-54-53 INFO src\network\node.rs blockchain::network::node] Info: Height: 15
[2024-02-03_20-54-54 INFO src\network\node.rs blockchain::network::node] Lottery won!
[2024-02-03_20-54-54 INFO src\network\node.rs blockchain::network::node] Took about 24.1µs to add to chain
[2024-02-03_20-54-54 INFO src\network\node.rs blockchain::network::node] Sending bytes to http://localhost:1234/block
[2024-02-03_20-54-55 INFO src\network\node.rs blockchain::network::node] Finished broadcasting
[2024-02-03_20-54-56 INFO src\network\node.rs blockchain::network::node] Info: Height: 16
[2024-02-03_20-54-59 INFO src\network\node.rs blockchain::network::node] Info: Height: 16
[2024-02-03_20-55-02 INFO src\network\node.rs blockchain::network::node] Info: Height: 16
[2024-02-03_20-55-04 INFO src\network\node.rs blockchain::network::node] Lottery won!
[2024-02-03_20-55-04 INFO src\network\node.rs blockchain::network::node] Took about 34.2µs to add to chain
[2024-02-03_20-55-04 INFO src\network\node.rs blockchain::network::node] Sending bytes to http://localhost:1234/block
[2024-02-03_20-55-05 INFO src\network\node.rs blockchain::network::node] Finished broadcasting
[2024-02-03_20-55-05 INFO src\network\node.rs blockchain::network::node] Info: Height: 17
[2024-02-03_20-55-08 INFO src\network\node.rs blockchain::network::node] Info: Height: 17
[2024-02-03_20-55-11 INFO src\network\node.rs blockchain::network::node] Info: Height: 17
[2024-02-03_20-55-14 INFO src\network\node.rs blockchain::network::node] Info: Height: 17
[2024-02-03_20-55-17 INFO src\network\node.rs blockchain::network::node] Info: Height: 17
[2024-02-03_20-55-20 INFO src\network\node.rs blockchain::network::node] Info: Height: 17
[2024-02-03_20-55-23 INFO src\network\node.rs blockchain::network::node] Info: Height: 17
[2024-02-03_20-55-25 INFO src\network\node.rs blockchain::network::node] Lottery won!
[2024-02-03_20-55-25 INFO src\network\node.rs blockchain::network::node] Took about 22.3µs to add to chain
[2024-02-03_20-55-25 INFO src\network\node.rs blockchain::network::node] Sending bytes to http://localhost:1234/block
[2024-02-03_20-55-26 INFO src\network\node.rs blockchain::network::node] Finished broadcasting
[2024-02-03_20-55-26 INFO src\network\node.rs blockchain::network::node] Info: Height: 18
[2024-02-03_20-55-29 INFO src\network\node.rs blockchain::network::node] Info: Height: 18
[2024-02-03_20-55-32 INFO src\network\node.rs blockchain::network::node] Info: Height: 18
[2024-02-03_20-55-35 INFO src\network\node.rs blockchain::network::node] Info: Height: 18
[2024-02-03_20-55-38 INFO src\network\node.rs blockchain::network::node] Info: Height: 18
[2024-02-03_20-55-41 INFO src\network\node.rs blockchain::network::node] Info: Height: 18
[2024-02-03_20-55-43 INFO src\network\node.rs blockchain::network::node] Lottery won!
[2024-02-03_20-55-43 INFO src\network\node.rs blockchain::network::node] Took about 22.3µs to add to chain
[2024-02-03_20-55-43 INFO src\network\node.rs blockchain::network::node] Sending bytes to http://localhost:1234/block
[2024-02-03_20-55-44 INFO src\network\node.rs blockchain::network::node] Finished broadcasting
[2024-02-03_20-55-44 INFO src\network\node.rs blockchain::network::node] Info: Height: 19
[2024-02-03_20-55-47 INFO src\network\node.rs blockchain::network::node] Info: Height: 19
[2024-02-03_20-55-50 INFO src\network\node.rs blockchain::network::node] Info: Height: 19
[2024-02-03_20-55-53 INFO src\network\node.rs blockchain::network::node] Info: Height: 19
[2024-02-03_20-55-56 INFO src\network\node.rs blockchain::network::node] Info: Height: 19
[2024-02-03_20-55-59 INFO src\network\node.rs blockchain::network::node] Info: Height: 19
[2024-02-03_20-56-02 INFO src\network\node.rs blockchain::network::node] Info: Height: 19
[2024-02-03_20-56-04 INFO src\network\node.rs blockchain::network::node] Lottery won!
[2024-02-03_20-56-04 INFO src\network\node.rs blockchain::network::node] Took about 23.1µs to add to chain
[2024-02-03_20-56-04 INFO src\network\node.rs blockchain::network::node] Sending bytes to http://localhost:1234/block
[2024-02-03_20-56-05 INFO src\network\node.rs blockchain::network::node] Finished broadcasting
[2024-02-03_20-56-05 INFO src\network\node.rs blockchain::network::node] Info: Height: 20
[2024-02-03_20-56-08 INFO src\network\node.rs blockchain::network::node] Info: Height: 20
[2024-02-03_20-56-11 INFO src\network\node.rs blockchain::network::node] Info: Height: 20
[2024-02-03_20-56-14 INFO src\network\node.rs blockchain::network::node] Info: Height: 20
[2024-02-03_20-56-14 INFO src\network\node.rs blockchain::network::node] Sending bytes to http://localhost:1234/block
[2024-02-03_20-56-15 INFO src\network\node.rs blockchain::network::node] Finished broadcasting
[2024-02-03_20-56-17 INFO src\network\node.rs blockchain::network::node] Info: Height: 20
[2024-02-03_20-56-20 INFO src\network\node.rs blockchain::network::node] Info: Height: 20
[2024-02-03_20-56-23 INFO src\network\node.rs blockchain::network::node] Info: Height: 20
[2024-02-03_20-56-27 INFO src\network\node.rs blockchain::network::node] Info: Height: 20
[2024-02-03_20-56-30 INFO src\network\node.rs blockchain::network::node] Lottery won!
[2024-02-03_20-56-30 INFO src\network\node.rs blockchain::network::node] Took about 22.3µs to add to chain
[2024-02-03_20-56-30 INFO src\network\node.rs blockchain::network::node] Info: Height: 21
[2024-02-03_20-56-33 INFO src\network\node.rs blockchain::network::node] Info: Height: 21
[2024-02-03_20-56-36 INFO src\network\node.rs blockchain::network::node] Info: Height: 21
[2024-02-03_20-56-37 INFO src\network\node.rs blockchain::network::node] Sending bytes to http://localhost:1234/block
[2024-02-03_20-56-37 INFO src\network\node.rs blockchain::network::node] Finished broadcasting
[2024-02-03_20-56-39 INFO src\network\node.rs blockchain::network::node] Info: Height: 21
[2024-02-03_20-56-42 INFO src\network\node.rs blockchain::network::node] Info: Height: 21
[2024-02-03_20-56-43 INFO src\network\node.rs blockchain::network::node] Lottery won!
[2024-02-03_20-56-43 INFO src\network\node.rs blockchain::network::node] Took about 24.7µs to add to chain
[2024-02-03_20-56-43 INFO src\network\node.rs blockchain::network::node] Sending bytes to http://localhost:1234/block
[2024-02-03_20-56-43 INFO src\network\node.rs blockchain::network::node] Finished broadcasting
[2024-02-03_20-56-45 INFO src\network\node.rs blockchain::network::node] Info: Height: 22
[2024-02-03_20-56-45 INFO src\main.rs blockchain] Shutting down program...
[2024-02-03_20-56-46 INFO src\main.rs blockchain] Program exited successfully
