[2024-07-13_20-26-39 INFO src\network\node.rs blockchain::network::node] Starting the node
[2024-07-13_20-26-39 INFO src\network\node.rs blockchain::network::node] Started node at: 192.168.1.104:1379
[2024-07-13_20-26-39 INFO src\network\node.rs blockchain::network::node] Node started successfully
[2024-07-13_20-26-39 INFO src\network\node.rs blockchain::network::node] Started main loop thread
[2024-07-13_20-26-39 INFO src\network\node.rs blockchain::network::node] Block mined successfully!
[2024-07-13_20-26-39 INFO src\network\sender.rs blockchain::network::sender] url: https://www.youtube.com/block
[2024-07-13_20-26-39 INFO src\network\node.rs blockchain::network::node] Block mined successfully!
[2024-07-13_20-26-39 INFO src\network\sender.rs blockchain::network::sender] url: https://www.youtube.com/block
[2024-07-13_20-26-39 INFO src\network\node.rs blockchain::network::node] Block mined successfully!
[2024-07-13_20-26-39 INFO src\network\sender.rs blockchain::network::sender] url: https://www.youtube.com/block
[2024-07-13_20-26-39 INFO src\network\node.rs blockchain::network::node] Block mined successfully!
[2024-07-13_20-26-40 INFO src\network\sender.rs blockchain::network::sender] url: https://www.youtube.com/block
[2024-07-13_20-26-40 INFO src\network\node.rs blockchain::network::node] Block mined successfully!
[2024-07-13_20-26-40 INFO src\network\sender.rs blockchain::network::sender] url: https://www.youtube.com/block
[2024-07-13_20-26-40 INFO src\network\node.rs blockchain::network::node] Block mined successfully!
[2024-07-13_20-26-40 INFO src\network\sender.rs blockchain::network::sender] url: https://www.youtube.com/block
[2024-07-13_20-26-40 INFO src\network\node.rs blockchain::network::node] Block mined successfully!
[2024-07-13_20-26-40 INFO src\network\sender.rs blockchain::network::sender] url: https://www.youtube.com/block
[2024-07-13_20-26-40 INFO src\network\node.rs blockchain::network::node] Block mined successfully!
[2024-07-13_20-26-40 INFO src\network\sender.rs blockchain::network::sender] url: https://www.youtube.com/block
[2024-07-13_20-26-40 INFO src\network\node.rs blockchain::network::node] Block mined successfully!
[2024-07-13_20-26-40 INFO src\network\sender.rs blockchain::network::sender] url: https://www.youtube.com/block
[2024-07-13_20-26-40 INFO src\network\node.rs blockchain::network::node] Block mined successfully!
[2024-07-13_20-26-40 INFO src\network\sender.rs blockchain::network::sender] url: https://www.youtube.com/block
[2024-07-13_20-26-40 INFO src\network\node.rs blockchain::network::node] Block mined successfully!
[2024-07-13_20-26-41 INFO src\network\sender.rs blockchain::network::sender] url: https://www.youtube.com/block
[2024-07-13_20-26-41 INFO src\network\node.rs blockchain::network::node] Block mined successfully!
[2024-07-13_20-26-41 INFO src\network\sender.rs blockchain::network::sender] url: https://www.youtube.com/block
[2024-07-13_20-26-41 INFO src\network\node.rs blockchain::network::node] Block mined successfully!
[2024-07-13_20-26-41 INFO src\network\sender.rs blockchain::network::sender] url: https://www.youtube.com/block
[2024-07-13_20-26-41 INFO src\network\node.rs blockchain::network::node] Block mined successfully!
[2024-07-13_20-26-41 INFO src\network\sender.rs blockchain::network::sender] url: https://www.youtube.com/block
[2024-07-13_20-26-41 INFO src\network\node.rs blockchain::network::node] Block mined successfully!
[2024-07-13_20-26-41 INFO src\network\sender.rs blockchain::network::sender] url: https://www.youtube.com/block
[2024-07-13_20-26-41 INFO src\network\node.rs blockchain::network::node] Block mined successfully!
[2024-07-13_20-26-41 INFO src\network\sender.rs blockchain::network::sender] url: https://www.youtube.com/block
[2024-07-13_20-26-41 INFO src\network\node.rs blockchain::network::node] Block mined successfully!
[2024-07-13_20-26-41 INFO src\network\sender.rs blockchain::network::sender] url: https://www.youtube.com/block
[2024-07-13_20-26-41 INFO src\network\node.rs blockchain::network::node] Block mined successfully!
[2024-07-13_20-26-42 INFO src\network\sender.rs blockchain::network::sender] url: https://www.youtube.com/block
[2024-07-13_20-26-42 INFO src\network\node.rs blockchain::network::node] Block mined successfully!
[2024-07-13_20-26-42 INFO src\network\sender.rs blockchain::network::sender] url: https://www.youtube.com/block
[2024-07-13_20-26-42 INFO src\network\node.rs blockchain::network::node] Block mined successfully!
[2024-07-13_20-26-42 INFO src\network\sender.rs blockchain::network::sender] url: https://www.youtube.com/block
[2024-07-13_20-26-42 INFO src\network\node.rs blockchain::network::node] Block mined successfully!
[2024-07-13_20-26-42 INFO src\network\sender.rs blockchain::network::sender] url: https://www.youtube.com/block
[2024-07-13_20-26-42 INFO src\network\node.rs blockchain::network::node] Block mined successfully!
[2024-07-13_20-26-42 INFO src\network\sender.rs blockchain::network::sender] url: https://www.youtube.com/block
[2024-07-13_20-26-42 INFO src\network\node.rs blockchain::network::node] Block mined successfully!
[2024-07-13_20-26-42 INFO src\network\sender.rs blockchain::network::sender] url: https://www.youtube.com/block
[2024-07-13_20-26-42 INFO src\network\node.rs blockchain::network::node] Block mined successfully!
[2024-07-13_20-26-42 INFO src\network\sender.rs blockchain::network::sender] url: https://www.youtube.com/block
[2024-07-13_20-26-42 INFO src\network\node.rs blockchain::network::node] Block mined successfully!
[2024-07-13_20-26-42 INFO src\network\sender.rs blockchain::network::sender] url: https://www.youtube.com/block
[2024-07-13_20-26-42 INFO src\network\node.rs blockchain::network::node] Block mined successfully!
[2024-07-13_20-26-43 INFO src\network\sender.rs blockchain::network::sender] url: https://www.youtube.com/block
[2024-07-13_20-26-43 INFO src\network\node.rs blockchain::network::node] Block mined successfully!
[2024-07-13_20-26-43 INFO src\network\sender.rs blockchain::network::sender] url: https://www.youtube.com/block
[2024-07-13_20-26-43 INFO src\network\node.rs blockchain::network::node] Block mined successfully!
[2024-07-13_20-26-43 INFO src\network\sender.rs blockchain::network::sender] url: https://www.youtube.com/block
[2024-07-13_20-26-43 INFO src\network\node.rs blockchain::network::node] Block mined successfully!
[2024-07-13_20-26-43 INFO src\network\sender.rs blockchain::network::sender] url: https://www.youtube.com/block
[2024-07-13_20-26-43 INFO src\network\node.rs blockchain::network::node] Block mined successfully!
[2024-07-13_20-26-43 INFO src\network\sender.rs blockchain::network::sender] url: https://www.youtube.com/block
[2024-07-13_20-26-43 INFO src\network\node.rs blockchain::network::node] Block mined successfully!
[2024-07-13_20-26-43 INFO src\network\sender.rs blockchain::network::sender] url: https://www.youtube.com/block
[2024-07-13_20-26-43 INFO src\network\node.rs blockchain::network::node] Block mined successfully!
[2024-07-13_20-26-43 INFO src\network\sender.rs blockchain::network::sender] url: https://www.youtube.com/block
[2024-07-13_20-26-43 INFO src\network\node.rs blockchain::network::node] Block mined successfully!
[2024-07-13_20-26-43 INFO src\network\sender.rs blockchain::network::sender] url: https://www.youtube.com/block
[2024-07-13_20-26-43 INFO src\network\node.rs blockchain::network::node] Block mined successfully!
[2024-07-13_20-26-44 INFO src\network\sender.rs blockchain::network::sender] url: https://www.youtube.com/block
[2024-07-13_20-26-44 INFO src\network\node.rs blockchain::network::node] Block mined successfully!
[2024-07-13_20-26-44 INFO src\network\sender.rs blockchain::network::sender] url: https://www.youtube.com/block
[2024-07-13_20-26-44 INFO src\network\node.rs blockchain::network::node] Block mined successfully!
[2024-07-13_20-26-44 INFO src\network\sender.rs blockchain::network::sender] url: https://www.youtube.com/block
[2024-07-13_20-26-44 INFO src\network\node.rs blockchain::network::node] Block mined successfully!
[2024-07-13_20-26-44 INFO src\network\sender.rs blockchain::network::sender] url: https://www.youtube.com/block
[2024-07-13_20-26-44 INFO src\network\node.rs blockchain::network::node] Block mined successfully!
[2024-07-13_20-26-44 INFO src\network\sender.rs blockchain::network::sender] url: https://www.youtube.com/block
[2024-07-13_20-26-44 INFO src\network\node.rs blockchain::network::node] Block mined successfully!
[2024-07-13_20-26-44 INFO src\network\sender.rs blockchain::network::sender] url: https://www.youtube.com/block
[2024-07-13_20-26-44 INFO src\network\node.rs blockchain::network::node] Block mined successfully!
[2024-07-13_20-26-44 INFO src\network\sender.rs blockchain::network::sender] url: https://www.youtube.com/block
[2024-07-13_20-26-44 INFO src\network\node.rs blockchain::network::node] Block mined successfully!
[2024-07-13_20-26-45 INFO src\network\sender.rs blockchain::network::sender] url: https://www.youtube.com/block
[2024-07-13_20-26-45 INFO src\network\node.rs blockchain::network::node] Block mined successfully!
[2024-07-13_20-26-45 INFO src\network\sender.rs blockchain::network::sender] url: https://www.youtube.com/block
[2024-07-13_20-26-45 INFO src\network\node.rs blockchain::network::node] Block mined successfully!
[2024-07-13_20-26-45 INFO src\network\sender.rs blockchain::network::sender] url: https://www.youtube.com/block
[2024-07-13_20-26-45 INFO src\network\node.rs blockchain::network::node] Block mined successfully!
[2024-07-13_20-26-45 INFO src\network\sender.rs blockchain::network::sender] url: https://www.youtube.com/block
[2024-07-13_20-26-45 INFO src\network\node.rs blockchain::network::node] Block mined successfully!
[2024-07-13_20-26-45 INFO src\network\sender.rs blockchain::network::sender] url: https://www.youtube.com/block
[2024-07-13_20-26-45 INFO src\network\node.rs blockchain::network::node] Block mined successfully!
[2024-07-13_20-26-45 INFO src\network\sender.rs blockchain::network::sender] url: https://www.youtube.com/block
[2024-07-13_20-26-45 INFO src\network\node.rs blockchain::network::node] Block mined successfully!
[2024-07-13_20-26-45 INFO src\network\sender.rs blockchain::network::sender] url: https://www.youtube.com/block
[2024-07-13_20-26-45 INFO src\network\node.rs blockchain::network::node] Block mined successfully!
[2024-07-13_20-26-46 INFO src\network\sender.rs blockchain::network::sender] url: https://www.youtube.com/block
[2024-07-13_20-26-46 INFO src\network\node.rs blockchain::network::node] Block mined successfully!
[2024-07-13_20-26-46 INFO src\network\sender.rs blockchain::network::sender] url: https://www.youtube.com/block
[2024-07-13_20-26-46 INFO src\network\node.rs blockchain::network::node] Block mined successfully!
[2024-07-13_20-26-46 INFO src\network\sender.rs blockchain::network::sender] url: https://www.youtube.com/block
[2024-07-13_20-26-46 INFO src\network\node.rs blockchain::network::node] Block mined successfully!
[2024-07-13_20-26-46 INFO src\network\sender.rs blockchain::network::sender] url: https://www.youtube.com/block
[2024-07-13_20-26-46 INFO src\network\node.rs blockchain::network::node] Block mined successfully!
[2024-07-13_20-26-46 INFO src\network\sender.rs blockchain::network::sender] url: https://www.youtube.com/block
[2024-07-13_20-26-46 INFO src\network\node.rs blockchain::network::node] Block mined successfully!
[2024-07-13_20-26-46 INFO src\network\sender.rs blockchain::network::sender] url: https://www.youtube.com/block
[2024-07-13_20-26-46 INFO src\network\node.rs blockchain::network::node] Block mined successfully!
[2024-07-13_20-26-46 INFO src\network\sender.rs blockchain::network::sender] url: https://www.youtube.com/block
[2024-07-13_20-26-46 INFO src\network\node.rs blockchain::network::node] Block mined successfully!
[2024-07-13_20-26-46 INFO src/main.rs blockchain] Shutting down program...
[2024-07-13_20-26-46 INFO src\network\sender.rs blockchain::network::sender] url: https://www.youtube.com/block
[2024-07-13_20-26-46 INFO src\network\node.rs blockchain::network::node] Block mined successfully!
[2024-07-13_20-26-47 INFO src\network\sender.rs blockchain::network::sender] url: https://www.youtube.com/block
[2024-07-13_20-26-47 INFO src\network\node.rs blockchain::network::node] Block mined successfully!
[2024-07-13_20-26-47 INFO src/main.rs blockchain] Program exited successfully
