[2024-02-03_20-49-29 INFO src\network\node.rs blockchain::network::node] Starting the node
[2024-02-03_20-49-29 INFO src\network\node.rs blockchain::network::node] Node started successfully
[2024-02-03_20-49-29 INFO src\network\node.rs blockchain::network::node] Started main loop thread
[2024-02-03_20-49-29 INFO src\network\node.rs blockchain::network::node] Started heart beat thread
[2024-02-03_20-49-30 INFO src\network\node.rs blockchain::network::node] Info: Height: 1
[2024-02-03_20-49-33 INFO src\network\node.rs blockchain::network::node] Info: Height: 1
[2024-02-03_20-49-36 INFO src\network\node.rs blockchain::network::node] Info: Height: 1
[2024-02-03_20-49-39 INFO src\network\node.rs blockchain::network::node] Info: Height: 1
[2024-02-03_20-49-42 INFO src\network\node.rs blockchain::network::node] Info: Height: 1
[2024-02-03_20-49-45 INFO src\network\node.rs blockchain::network::node] Info: Height: 1
[2024-02-03_20-49-48 INFO src\network\node.rs blockchain::network::node] Info: Height: 1
[2024-02-03_20-49-51 INFO src\network\node.rs blockchain::network::node] Lottery won!
[2024-02-03_20-49-51 INFO src\network\node.rs blockchain::network::node] Took about 90.3µs to add to chain
[2024-02-03_20-49-51 INFO src\network\node.rs blockchain::network::node] Info: Height: 2
[2024-02-03_20-49-52 INFO src\network\node.rs blockchain::network::node] Lottery won!
[2024-02-03_20-49-52 INFO src\network\node.rs blockchain::network::node] Took about 25.2µs to add to chain
[2024-02-03_20-49-52 INFO src\network\node.rs blockchain::network::node] {}
[2024-02-03_20-49-52 INFO src\network\node.rs blockchain::network::node] Finished broadcasting
[2024-02-03_20-49-54 INFO src\network\node.rs blockchain::network::node] Info: Height: 3
[2024-02-03_20-49-57 INFO src\network\node.rs blockchain::network::node] Info: Height: 3
[2024-02-03_20-50-00 INFO src\network\node.rs blockchain::network::node] Info: Height: 3
[2024-02-03_20-50-03 INFO src\network\node.rs blockchain::network::node] Info: Height: 3
[2024-02-03_20-50-06 INFO src\network\node.rs blockchain::network::node] Info: Height: 3
[2024-02-03_20-50-09 INFO src\network\node.rs blockchain::network::node] Info: Height: 3
[2024-02-03_20-50-09 INFO src\network\node.rs blockchain::network::node] {}
[2024-02-03_20-50-09 INFO src\network\node.rs blockchain::network::node] Finished broadcasting
[2024-02-03_20-50-12 INFO src\network\node.rs blockchain::network::node] Info: Height: 3
[2024-02-03_20-50-13 INFO src\main.rs blockchain] Shutting down program...
[2024-02-03_20-50-14 INFO src\main.rs blockchain] Program exited successfully
