[2024-07-13_20-35-48 INFO src\network\node.rs blockchain::network::node] Starting the node
[2024-07-13_20-35-48 INFO src\network\node.rs blockchain::network::node] Started node at: 192.168.1.104:1379
[2024-07-13_20-35-48 INFO src\network\node.rs blockchain::network::node] Node started successfully
[2024-07-13_20-35-48 INFO src\network\node.rs blockchain::network::node] Started main loop thread
[2024-07-13_20-35-48 INFO src\network\node.rs blockchain::network::node] Block mined successfully!
[2024-07-13_20-35-48 INFO src\network\sender.rs blockchain::network::sender] url: https://www.youtube.com/block
[2024-07-13_20-35-48 INFO src\network\node.rs blockchain::network::node] Block mined successfully!
[2024-07-13_20-35-48 INFO src\network\sender.rs blockchain::network::sender] url: https://www.youtube.com/block
[2024-07-13_20-35-48 INFO src\network\node.rs blockchain::network::node] Block mined successfully!
[2024-07-13_20-35-48 INFO src\network\sender.rs blockchain::network::sender] url: https://www.youtube.com/block
[2024-07-13_20-35-48 INFO src\network\node.rs blockchain::network::node] Block mined successfully!
[2024-07-13_20-35-49 INFO src\network\sender.rs blockchain::network::sender] url: https://www.youtube.com/block
[2024-07-13_20-35-49 INFO src\network\node.rs blockchain::network::node] Block mined successfully!
[2024-07-13_20-35-49 INFO src\network\sender.rs blockchain::network::sender] url: https://www.youtube.com/block
[2024-07-13_20-35-49 INFO src\network\node.rs blockchain::network::node] Block mined successfully!
[2024-07-13_20-35-49 INFO src\network\sender.rs blockchain::network::sender] url: https://www.youtube.com/block
[2024-07-13_20-35-49 INFO src\network\node.rs blockchain::network::node] Block mined successfully!
[2024-07-13_20-35-49 INFO src\network\sender.rs blockchain::network::sender] url: https://www.youtube.com/block
[2024-07-13_20-35-49 INFO src\network\node.rs blockchain::network::node] Block mined successfully!
[2024-07-13_20-35-49 INFO src\network\sender.rs blockchain::network::sender] url: https://www.youtube.com/block
[2024-07-13_20-35-49 INFO src\network\node.rs blockchain::network::node] Block mined successfully!
[2024-07-13_20-35-49 INFO src\network\sender.rs blockchain::network::sender] url: https://www.youtube.com/block
[2024-07-13_20-35-49 INFO src\network\node.rs blockchain::network::node] Block mined successfully!
[2024-07-13_20-35-49 INFO src\network\sender.rs blockchain::network::sender] url: https://www.youtube.com/block
[2024-07-13_20-35-49 INFO src\network\node.rs blockchain::network::node] Block mined successfully!
[2024-07-13_20-35-50 INFO src\network\sender.rs blockchain::network::sender] url: https://www.youtube.com/block
[2024-07-13_20-35-50 INFO src\network\node.rs blockchain::network::node] Block mined successfully!
[2024-07-13_20-35-50 INFO src\network\sender.rs blockchain::network::sender] url: https://www.youtube.com/block
[2024-07-13_20-35-50 INFO src\network\node.rs blockchain::network::node] Block mined successfully!
[2024-07-13_20-35-50 INFO src\network\sender.rs blockchain::network::sender] url: https://www.youtube.com/block
[2024-07-13_20-35-50 INFO src\network\node.rs blockchain::network::node] Block mined successfully!
[2024-07-13_20-35-50 INFO src\network\sender.rs blockchain::network::sender] url: https://www.youtube.com/block
[2024-07-13_20-35-50 INFO src\network\node.rs blockchain::network::node] Block mined successfully!
[2024-07-13_20-35-50 INFO src\network\sender.rs blockchain::network::sender] url: https://www.youtube.com/block
[2024-07-13_20-35-50 INFO src\network\node.rs blockchain::network::node] Block mined successfully!
[2024-07-13_20-35-50 INFO src\network\sender.rs blockchain::network::sender] url: https://www.youtube.com/block
[2024-07-13_20-35-50 INFO src\network\node.rs blockchain::network::node] Block mined successfully!
[2024-07-13_20-35-50 INFO src\network\sender.rs blockchain::network::sender] url: https://www.youtube.com/block
[2024-07-13_20-35-50 INFO src\network\node.rs blockchain::network::node] Block mined successfully!
[2024-07-13_20-35-50 INFO src\network\sender.rs blockchain::network::sender] url: https://www.youtube.com/block
[2024-07-13_20-35-50 INFO src\network\node.rs blockchain::network::node] Block mined successfully!
[2024-07-13_20-35-51 INFO src\network\sender.rs blockchain::network::sender] url: https://www.youtube.com/block
[2024-07-13_20-35-51 INFO src\network\node.rs blockchain::network::node] Block mined successfully!
[2024-07-13_20-35-51 INFO src\network\sender.rs blockchain::network::sender] url: https://www.youtube.com/block
[2024-07-13_20-35-51 INFO src\network\node.rs blockchain::network::node] Block mined successfully!
[2024-07-13_20-35-51 INFO src\network\sender.rs blockchain::network::sender] url: https://www.youtube.com/block
[2024-07-13_20-35-51 INFO src\network\node.rs blockchain::network::node] Block mined successfully!
[2024-07-13_20-35-51 INFO src\network\sender.rs blockchain::network::sender] url: https://www.youtube.com/block
[2024-07-13_20-35-51 INFO src\network\node.rs blockchain::network::node] Block mined successfully!
[2024-07-13_20-35-51 INFO src\network\sender.rs blockchain::network::sender] url: https://www.youtube.com/block
[2024-07-13_20-35-51 INFO src\network\node.rs blockchain::network::node] Block mined successfully!
[2024-07-13_20-35-51 INFO src\network\sender.rs blockchain::network::sender] url: https://www.youtube.com/block
[2024-07-13_20-35-51 INFO src\network\node.rs blockchain::network::node] Block mined successfully!
[2024-07-13_20-35-51 INFO src\network\sender.rs blockchain::network::sender] url: https://www.youtube.com/block
[2024-07-13_20-35-51 INFO src\network\node.rs blockchain::network::node] Block mined successfully!
[2024-07-13_20-35-52 INFO src\network\sender.rs blockchain::network::sender] url: https://www.youtube.com/block
[2024-07-13_20-35-52 INFO src\network\node.rs blockchain::network::node] Block mined successfully!
[2024-07-13_20-35-52 INFO src\network\sender.rs blockchain::network::sender] url: https://www.youtube.com/block
[2024-07-13_20-35-52 INFO src\network\node.rs blockchain::network::node] Block mined successfully!
[2024-07-13_20-35-52 INFO src\network\sender.rs blockchain::network::sender] url: https://www.youtube.com/block
[2024-07-13_20-35-52 INFO src\network\node.rs blockchain::network::node] Block mined successfully!
[2024-07-13_20-35-52 INFO src\network\sender.rs blockchain::network::sender] url: https://www.youtube.com/block
[2024-07-13_20-35-52 INFO src\network\node.rs blockchain::network::node] Block mined successfully!
[2024-07-13_20-35-52 INFO src\network\sender.rs blockchain::network::sender] url: https://www.youtube.com/block
[2024-07-13_20-35-52 INFO src\network\node.rs blockchain::network::node] Block mined successfully!
[2024-07-13_20-35-52 INFO src\network\sender.rs blockchain::network::sender] url: https://www.youtube.com/block
[2024-07-13_20-35-52 INFO src\network\node.rs blockchain::network::node] Block mined successfully!
[2024-07-13_20-35-52 INFO src\network\sender.rs blockchain::network::sender] url: https://www.youtube.com/block
[2024-07-13_20-35-52 INFO src\network\node.rs blockchain::network::node] Block mined successfully!
[2024-07-13_20-35-52 INFO src\network\sender.rs blockchain::network::sender] url: https://www.youtube.com/block
[2024-07-13_20-35-52 INFO src\network\node.rs blockchain::network::node] Block mined successfully!
[2024-07-13_20-35-53 INFO src\network\sender.rs blockchain::network::sender] url: https://www.youtube.com/block
[2024-07-13_20-35-53 INFO src\network\node.rs blockchain::network::node] Block mined successfully!
[2024-07-13_20-35-53 INFO src\network\sender.rs blockchain::network::sender] url: https://www.youtube.com/block
[2024-07-13_20-35-53 INFO src\network\node.rs blockchain::network::node] Block mined successfully!
[2024-07-13_20-35-53 INFO src\network\sender.rs blockchain::network::sender] url: https://www.youtube.com/block
[2024-07-13_20-35-53 INFO src\network\node.rs blockchain::network::node] Block mined successfully!
[2024-07-13_20-35-53 INFO src\network\sender.rs blockchain::network::sender] url: https://www.youtube.com/block
[2024-07-13_20-35-53 INFO src\network\node.rs blockchain::network::node] Block mined successfully!
[2024-07-13_20-35-53 INFO src\network\sender.rs blockchain::network::sender] url: https://www.youtube.com/block
[2024-07-13_20-35-53 INFO src\network\node.rs blockchain::network::node] Block mined successfully!
[2024-07-13_20-35-53 INFO src\network\sender.rs blockchain::network::sender] url: https://www.youtube.com/block
[2024-07-13_20-35-53 INFO src\network\node.rs blockchain::network::node] Block mined successfully!
[2024-07-13_20-35-53 INFO src\network\sender.rs blockchain::network::sender] url: https://www.youtube.com/block
[2024-07-13_20-35-53 INFO src\network\node.rs blockchain::network::node] Block mined successfully!
[2024-07-13_20-35-54 INFO src\network\sender.rs blockchain::network::sender] url: https://www.youtube.com/block
[2024-07-13_20-35-54 INFO src\network\node.rs blockchain::network::node] Block mined successfully!
[2024-07-13_20-35-54 INFO src\network\sender.rs blockchain::network::sender] url: https://www.youtube.com/block
[2024-07-13_20-35-54 INFO src\network\node.rs blockchain::network::node] Block mined successfully!
[2024-07-13_20-35-54 INFO src\network\sender.rs blockchain::network::sender] url: https://www.youtube.com/block
[2024-07-13_20-35-54 INFO src\network\node.rs blockchain::network::node] Block mined successfully!
[2024-07-13_20-35-54 INFO src\network\sender.rs blockchain::network::sender] url: https://www.youtube.com/block
[2024-07-13_20-35-54 INFO src\network\node.rs blockchain::network::node] Block mined successfully!
[2024-07-13_20-35-54 INFO src\network\sender.rs blockchain::network::sender] url: https://www.youtube.com/block
[2024-07-13_20-35-54 INFO src\network\node.rs blockchain::network::node] Block mined successfully!
[2024-07-13_20-35-54 INFO src\network\sender.rs blockchain::network::sender] url: https://www.youtube.com/block
[2024-07-13_20-35-54 INFO src\network\node.rs blockchain::network::node] Block mined successfully!
[2024-07-13_20-35-54 INFO src\network\sender.rs blockchain::network::sender] url: https://www.youtube.com/block
[2024-07-13_20-35-54 INFO src\network\node.rs blockchain::network::node] Block mined successfully!
[2024-07-13_20-35-55 INFO src\network\sender.rs blockchain::network::sender] url: https://www.youtube.com/block
[2024-07-13_20-35-55 INFO src\network\node.rs blockchain::network::node] Block mined successfully!
[2024-07-13_20-35-55 INFO src\network\sender.rs blockchain::network::sender] url: https://www.youtube.com/block
[2024-07-13_20-35-55 INFO src\network\node.rs blockchain::network::node] Block mined successfully!
[2024-07-13_20-35-55 INFO src\network\sender.rs blockchain::network::sender] url: https://www.youtube.com/block
[2024-07-13_20-35-55 INFO src\network\node.rs blockchain::network::node] Block mined successfully!
[2024-07-13_20-35-55 INFO src\network\sender.rs blockchain::network::sender] url: https://www.youtube.com/block
[2024-07-13_20-35-55 INFO src\network\node.rs blockchain::network::node] Block mined successfully!
[2024-07-13_20-35-55 INFO src\network\sender.rs blockchain::network::sender] url: https://www.youtube.com/block
[2024-07-13_20-35-55 INFO src\network\node.rs blockchain::network::node] Block mined successfully!
[2024-07-13_20-35-55 INFO src\network\sender.rs blockchain::network::sender] url: https://www.youtube.com/block
[2024-07-13_20-35-55 INFO src\network\node.rs blockchain::network::node] Block mined successfully!
[2024-07-13_20-35-55 INFO src\network\sender.rs blockchain::network::sender] url: https://www.youtube.com/block
[2024-07-13_20-35-55 INFO src\network\node.rs blockchain::network::node] Block mined successfully!
[2024-07-13_20-35-56 INFO src\network\sender.rs blockchain::network::sender] url: https://www.youtube.com/block
[2024-07-13_20-35-56 INFO src\network\node.rs blockchain::network::node] Block mined successfully!
[2024-07-13_20-35-56 INFO src\network\sender.rs blockchain::network::sender] url: https://www.youtube.com/block
[2024-07-13_20-35-56 INFO src\network\node.rs blockchain::network::node] Block mined successfully!
[2024-07-13_20-35-56 INFO src\network\sender.rs blockchain::network::sender] url: https://www.youtube.com/block
[2024-07-13_20-35-56 INFO src\network\node.rs blockchain::network::node] Block mined successfully!
[2024-07-13_20-35-56 INFO src\network\sender.rs blockchain::network::sender] url: https://www.youtube.com/block
[2024-07-13_20-35-56 INFO src\network\node.rs blockchain::network::node] Block mined successfully!
[2024-07-13_20-35-56 INFO src\network\sender.rs blockchain::network::sender] url: https://www.youtube.com/block
[2024-07-13_20-35-56 INFO src\network\node.rs blockchain::network::node] Block mined successfully!
[2024-07-13_20-35-56 INFO src\network\sender.rs blockchain::network::sender] url: https://www.youtube.com/block
[2024-07-13_20-35-56 INFO src\network\node.rs blockchain::network::node] Block mined successfully!
[2024-07-13_20-35-56 INFO src\network\sender.rs blockchain::network::sender] url: https://www.youtube.com/block
[2024-07-13_20-35-56 INFO src\network\node.rs blockchain::network::node] Block mined successfully!
[2024-07-13_20-35-56 INFO src\network\sender.rs blockchain::network::sender] url: https://www.youtube.com/block
[2024-07-13_20-35-56 INFO src\network\node.rs blockchain::network::node] Block mined successfully!
[2024-07-13_20-35-56 INFO src\network\sender.rs blockchain::network::sender] url: https://www.youtube.com/block
[2024-07-13_20-35-56 INFO src\network\node.rs blockchain::network::node] Block mined successfully!
[2024-07-13_20-35-57 INFO src\network\sender.rs blockchain::network::sender] url: https://www.youtube.com/block
[2024-07-13_20-35-57 INFO src\network\node.rs blockchain::network::node] Block mined successfully!
[2024-07-13_20-35-57 INFO src\network\sender.rs blockchain::network::sender] url: https://www.youtube.com/block
[2024-07-13_20-35-57 INFO src\network\node.rs blockchain::network::node] Block mined successfully!
[2024-07-13_20-35-57 INFO src\network\sender.rs blockchain::network::sender] url: https://www.youtube.com/block
[2024-07-13_20-35-57 INFO src\network\node.rs blockchain::network::node] Block mined successfully!
[2024-07-13_20-35-57 INFO src\network\sender.rs blockchain::network::sender] url: https://www.youtube.com/block
[2024-07-13_20-35-57 INFO src\network\node.rs blockchain::network::node] Block mined successfully!
[2024-07-13_20-35-57 INFO src\network\sender.rs blockchain::network::sender] url: https://www.youtube.com/block
[2024-07-13_20-35-57 INFO src\network\node.rs blockchain::network::node] Block mined successfully!
[2024-07-13_20-35-57 INFO src\network\sender.rs blockchain::network::sender] url: https://www.youtube.com/block
[2024-07-13_20-35-57 INFO src\network\node.rs blockchain::network::node] Block mined successfully!
[2024-07-13_20-35-58 INFO src\network\sender.rs blockchain::network::sender] url: https://www.youtube.com/block
[2024-07-13_20-35-58 INFO src\network\node.rs blockchain::network::node] Block mined successfully!
[2024-07-13_20-35-58 INFO src\network\sender.rs blockchain::network::sender] url: https://www.youtube.com/block
[2024-07-13_20-35-58 INFO src\network\node.rs blockchain::network::node] Block mined successfully!
[2024-07-13_20-35-58 INFO src\network\sender.rs blockchain::network::sender] url: https://www.youtube.com/block
[2024-07-13_20-35-58 INFO src\network\node.rs blockchain::network::node] Block mined successfully!
[2024-07-13_20-35-58 INFO src\network\sender.rs blockchain::network::sender] url: https://www.youtube.com/block
[2024-07-13_20-35-58 INFO src\network\node.rs blockchain::network::node] Block mined successfully!
[2024-07-13_20-35-58 INFO src\network\sender.rs blockchain::network::sender] url: https://www.youtube.com/block
[2024-07-13_20-35-58 INFO src\network\node.rs blockchain::network::node] Block mined successfully!
[2024-07-13_20-35-58 INFO src\network\sender.rs blockchain::network::sender] url: https://www.youtube.com/block
[2024-07-13_20-35-58 INFO src\network\node.rs blockchain::network::node] Block mined successfully!
[2024-07-13_20-35-58 INFO src\network\sender.rs blockchain::network::sender] url: https://www.youtube.com/block
[2024-07-13_20-35-58 INFO src\network\node.rs blockchain::network::node] Block mined successfully!
[2024-07-13_20-35-59 INFO src\network\sender.rs blockchain::network::sender] url: https://www.youtube.com/block
[2024-07-13_20-35-59 INFO src\network\node.rs blockchain::network::node] Block mined successfully!
[2024-07-13_20-35-59 INFO src\network\sender.rs blockchain::network::sender] url: https://www.youtube.com/block
[2024-07-13_20-35-59 INFO src\network\node.rs blockchain::network::node] Block mined successfully!
[2024-07-13_20-35-59 INFO src\network\sender.rs blockchain::network::sender] url: https://www.youtube.com/block
[2024-07-13_20-35-59 INFO src\network\node.rs blockchain::network::node] Block mined successfully!
[2024-07-13_20-35-59 INFO src\network\sender.rs blockchain::network::sender] url: https://www.youtube.com/block
[2024-07-13_20-35-59 INFO src\network\node.rs blockchain::network::node] Block mined successfully!
[2024-07-13_20-35-59 INFO src\network\sender.rs blockchain::network::sender] url: https://www.youtube.com/block
[2024-07-13_20-35-59 INFO src\network\node.rs blockchain::network::node] Block mined successfully!
[2024-07-13_20-35-59 INFO src\network\sender.rs blockchain::network::sender] url: https://www.youtube.com/block
[2024-07-13_20-35-59 INFO src\network\node.rs blockchain::network::node] Block mined successfully!
[2024-07-13_20-35-59 INFO src\network\sender.rs blockchain::network::sender] url: https://www.youtube.com/block
[2024-07-13_20-35-59 INFO src\network\node.rs blockchain::network::node] Block mined successfully!
[2024-07-13_20-35-59 INFO src\network\sender.rs blockchain::network::sender] url: https://www.youtube.com/block
[2024-07-13_20-35-59 INFO src\network\node.rs blockchain::network::node] Block mined successfully!
[2024-07-13_20-36-00 INFO src\network\sender.rs blockchain::network::sender] url: https://www.youtube.com/block
[2024-07-13_20-36-00 INFO src\network\node.rs blockchain::network::node] Block mined successfully!
[2024-07-13_20-36-00 INFO src\network\sender.rs blockchain::network::sender] url: https://www.youtube.com/block
[2024-07-13_20-36-00 INFO src\network\node.rs blockchain::network::node] Block mined successfully!
[2024-07-13_20-36-00 INFO src\network\sender.rs blockchain::network::sender] url: https://www.youtube.com/block
[2024-07-13_20-36-00 INFO src\network\node.rs blockchain::network::node] Block mined successfully!
[2024-07-13_20-36-00 INFO src\network\sender.rs blockchain::network::sender] url: https://www.youtube.com/block
[2024-07-13_20-36-00 INFO src\network\node.rs blockchain::network::node] Block mined successfully!
[2024-07-13_20-36-00 INFO src\network\sender.rs blockchain::network::sender] url: https://www.youtube.com/block
[2024-07-13_20-36-00 INFO src\network\node.rs blockchain::network::node] Block mined successfully!
[2024-07-13_20-36-00 INFO src\network\sender.rs blockchain::network::sender] url: https://www.youtube.com/block
[2024-07-13_20-36-00 INFO src\network\node.rs blockchain::network::node] Block mined successfully!
[2024-07-13_20-36-00 INFO src\network\sender.rs blockchain::network::sender] url: https://www.youtube.com/block
[2024-07-13_20-36-00 INFO src\network\node.rs blockchain::network::node] Block mined successfully!
[2024-07-13_20-36-01 INFO src\network\sender.rs blockchain::network::sender] url: https://www.youtube.com/block
[2024-07-13_20-36-01 INFO src\network\node.rs blockchain::network::node] Block mined successfully!
[2024-07-13_20-36-01 INFO src\network\sender.rs blockchain::network::sender] url: https://www.youtube.com/block
[2024-07-13_20-36-01 INFO src\network\node.rs blockchain::network::node] Block mined successfully!
[2024-07-13_20-36-01 INFO src\network\sender.rs blockchain::network::sender] url: https://www.youtube.com/block
[2024-07-13_20-36-01 INFO src\network\node.rs blockchain::network::node] Block mined successfully!
[2024-07-13_20-36-01 INFO src\network\sender.rs blockchain::network::sender] url: https://www.youtube.com/block
[2024-07-13_20-36-01 INFO src\network\node.rs blockchain::network::node] Block mined successfully!
[2024-07-13_20-36-01 INFO src\network\sender.rs blockchain::network::sender] url: https://www.youtube.com/block
[2024-07-13_20-36-01 INFO src\network\node.rs blockchain::network::node] Block mined successfully!
[2024-07-13_20-36-01 INFO src\network\sender.rs blockchain::network::sender] url: https://www.youtube.com/block
[2024-07-13_20-36-01 INFO src\network\node.rs blockchain::network::node] Block mined successfully!
[2024-07-13_20-36-01 INFO src\network\sender.rs blockchain::network::sender] url: https://www.youtube.com/block
[2024-07-13_20-36-01 INFO src\network\node.rs blockchain::network::node] Block mined successfully!
[2024-07-13_20-36-02 INFO src\network\sender.rs blockchain::network::sender] url: https://www.youtube.com/block
[2024-07-13_20-36-02 INFO src\network\node.rs blockchain::network::node] Block mined successfully!
[2024-07-13_20-36-02 INFO src\network\sender.rs blockchain::network::sender] url: https://www.youtube.com/block
[2024-07-13_20-36-02 INFO src\network\node.rs blockchain::network::node] Block mined successfully!
[2024-07-13_20-36-02 INFO src\network\sender.rs blockchain::network::sender] url: https://www.youtube.com/block
[2024-07-13_20-36-02 INFO src\network\node.rs blockchain::network::node] Block mined successfully!
[2024-07-13_20-36-02 INFO src\network\sender.rs blockchain::network::sender] url: https://www.youtube.com/block
[2024-07-13_20-36-02 INFO src\network\node.rs blockchain::network::node] Block mined successfully!
[2024-07-13_20-36-02 INFO src\network\sender.rs blockchain::network::sender] url: https://www.youtube.com/block
[2024-07-13_20-36-02 INFO src\network\node.rs blockchain::network::node] Block mined successfully!
[2024-07-13_20-36-02 INFO src\network\sender.rs blockchain::network::sender] url: https://www.youtube.com/block
[2024-07-13_20-36-02 INFO src\network\node.rs blockchain::network::node] Block mined successfully!
[2024-07-13_20-36-02 INFO src\network\sender.rs blockchain::network::sender] url: https://www.youtube.com/block
[2024-07-13_20-36-02 INFO src\network\node.rs blockchain::network::node] Block mined successfully!
[2024-07-13_20-36-02 INFO src\network\sender.rs blockchain::network::sender] url: https://www.youtube.com/block
[2024-07-13_20-36-02 INFO src\network\node.rs blockchain::network::node] Block mined successfully!
[2024-07-13_20-36-03 INFO src\network\sender.rs blockchain::network::sender] url: https://www.youtube.com/block
[2024-07-13_20-36-03 INFO src\network\node.rs blockchain::network::node] Block mined successfully!
[2024-07-13_20-36-03 INFO src\network\sender.rs blockchain::network::sender] url: https://www.youtube.com/block
[2024-07-13_20-36-03 INFO src\network\node.rs blockchain::network::node] Block mined successfully!
[2024-07-13_20-36-03 INFO src\network\sender.rs blockchain::network::sender] url: https://www.youtube.com/block
[2024-07-13_20-36-03 INFO src\network\node.rs blockchain::network::node] Block mined successfully!
[2024-07-13_20-36-03 INFO src\network\sender.rs blockchain::network::sender] url: https://www.youtube.com/block
[2024-07-13_20-36-03 INFO src\network\node.rs blockchain::network::node] Block mined successfully!
[2024-07-13_20-36-03 INFO src\network\sender.rs blockchain::network::sender] url: https://www.youtube.com/block
[2024-07-13_20-36-03 INFO src\network\node.rs blockchain::network::node] Block mined successfully!
[2024-07-13_20-36-03 INFO src\network\sender.rs blockchain::network::sender] url: https://www.youtube.com/block
[2024-07-13_20-36-03 INFO src\network\node.rs blockchain::network::node] Block mined successfully!
[2024-07-13_20-36-03 INFO src\network\sender.rs blockchain::network::sender] url: https://www.youtube.com/block
[2024-07-13_20-36-03 INFO src\network\node.rs blockchain::network::node] Block mined successfully!
[2024-07-13_20-36-04 INFO src\network\sender.rs blockchain::network::sender] url: https://www.youtube.com/block
[2024-07-13_20-36-04 INFO src\network\node.rs blockchain::network::node] Block mined successfully!
[2024-07-13_20-36-04 INFO src\network\sender.rs blockchain::network::sender] url: https://www.youtube.com/block
[2024-07-13_20-36-04 INFO src\network\node.rs blockchain::network::node] Block mined successfully!
[2024-07-13_20-36-04 INFO src\network\sender.rs blockchain::network::sender] url: https://www.youtube.com/block
[2024-07-13_20-36-04 INFO src\network\node.rs blockchain::network::node] Block mined successfully!
[2024-07-13_20-36-04 INFO src\network\sender.rs blockchain::network::sender] url: https://www.youtube.com/block
[2024-07-13_20-36-04 INFO src\network\node.rs blockchain::network::node] Block mined successfully!
[2024-07-13_20-36-04 INFO src\network\sender.rs blockchain::network::sender] url: https://www.youtube.com/block
[2024-07-13_20-36-04 INFO src\network\node.rs blockchain::network::node] Block mined successfully!
[2024-07-13_20-36-04 INFO src\network\sender.rs blockchain::network::sender] url: https://www.youtube.com/block
[2024-07-13_20-36-04 INFO src\network\node.rs blockchain::network::node] Block mined successfully!
[2024-07-13_20-36-04 INFO src\network\sender.rs blockchain::network::sender] url: https://www.youtube.com/block
[2024-07-13_20-36-04 INFO src\network\node.rs blockchain::network::node] Block mined successfully!
[2024-07-13_20-36-05 INFO src\network\sender.rs blockchain::network::sender] url: https://www.youtube.com/block
[2024-07-13_20-36-05 INFO src\network\node.rs blockchain::network::node] Block mined successfully!
[2024-07-13_20-36-05 INFO src\network\sender.rs blockchain::network::sender] url: https://www.youtube.com/block
[2024-07-13_20-36-05 INFO src\network\node.rs blockchain::network::node] Block mined successfully!
[2024-07-13_20-36-05 INFO src\network\sender.rs blockchain::network::sender] url: https://www.youtube.com/block
[2024-07-13_20-36-05 INFO src\network\node.rs blockchain::network::node] Block mined successfully!
[2024-07-13_20-36-05 INFO src\network\sender.rs blockchain::network::sender] url: https://www.youtube.com/block
[2024-07-13_20-36-05 INFO src\network\node.rs blockchain::network::node] Block mined successfully!
[2024-07-13_20-36-05 INFO src\network\sender.rs blockchain::network::sender] url: https://www.youtube.com/block
[2024-07-13_20-36-05 INFO src\network\node.rs blockchain::network::node] Block mined successfully!
[2024-07-13_20-36-05 INFO src\network\sender.rs blockchain::network::sender] url: https://www.youtube.com/block
[2024-07-13_20-36-05 INFO src\network\node.rs blockchain::network::node] Block mined successfully!
[2024-07-13_20-36-05 INFO src\network\sender.rs blockchain::network::sender] url: https://www.youtube.com/block
[2024-07-13_20-36-05 INFO src\network\node.rs blockchain::network::node] Block mined successfully!
[2024-07-13_20-36-05 INFO src\network\sender.rs blockchain::network::sender] url: https://www.youtube.com/block
[2024-07-13_20-36-05 INFO src\network\node.rs blockchain::network::node] Block mined successfully!
[2024-07-13_20-36-06 INFO src\network\sender.rs blockchain::network::sender] url: https://www.youtube.com/block
[2024-07-13_20-36-06 INFO src\network\node.rs blockchain::network::node] Block mined successfully!
[2024-07-13_20-36-06 INFO src\network\sender.rs blockchain::network::sender] url: https://www.youtube.com/block
[2024-07-13_20-36-06 INFO src\network\node.rs blockchain::network::node] Block mined successfully!
[2024-07-13_20-36-06 INFO src\network\sender.rs blockchain::network::sender] url: https://www.youtube.com/block
[2024-07-13_20-36-06 INFO src\network\node.rs blockchain::network::node] Block mined successfully!
[2024-07-13_20-36-06 INFO src\network\sender.rs blockchain::network::sender] url: https://www.youtube.com/block
[2024-07-13_20-36-06 INFO src\network\node.rs blockchain::network::node] Block mined successfully!
[2024-07-13_20-36-06 INFO src\network\sender.rs blockchain::network::sender] url: https://www.youtube.com/block
[2024-07-13_20-36-06 INFO src\network\node.rs blockchain::network::node] Block mined successfully!
[2024-07-13_20-36-06 INFO src\network\sender.rs blockchain::network::sender] url: https://www.youtube.com/block
[2024-07-13_20-36-06 INFO src\network\node.rs blockchain::network::node] Block mined successfully!
[2024-07-13_20-36-06 INFO src\network\sender.rs blockchain::network::sender] url: https://www.youtube.com/block
[2024-07-13_20-36-06 INFO src\network\node.rs blockchain::network::node] Block mined successfully!
[2024-07-13_20-36-07 INFO src\network\sender.rs blockchain::network::sender] url: https://www.youtube.com/block
[2024-07-13_20-36-07 INFO src\network\node.rs blockchain::network::node] Block mined successfully!
[2024-07-13_20-36-07 INFO src\network\sender.rs blockchain::network::sender] url: https://www.youtube.com/block
[2024-07-13_20-36-07 INFO src\network\node.rs blockchain::network::node] Block mined successfully!
[2024-07-13_20-36-07 INFO src\network\sender.rs blockchain::network::sender] url: https://www.youtube.com/block
[2024-07-13_20-36-07 INFO src\network\node.rs blockchain::network::node] Block mined successfully!
[2024-07-13_20-36-07 INFO src\network\sender.rs blockchain::network::sender] url: https://www.youtube.com/block
[2024-07-13_20-36-07 INFO src\network\node.rs blockchain::network::node] Block mined successfully!
[2024-07-13_20-36-07 INFO src\network\sender.rs blockchain::network::sender] url: https://www.youtube.com/block
[2024-07-13_20-36-07 INFO src\network\node.rs blockchain::network::node] Block mined successfully!
[2024-07-13_20-36-07 INFO src\network\sender.rs blockchain::network::sender] url: https://www.youtube.com/block
[2024-07-13_20-36-07 INFO src\network\node.rs blockchain::network::node] Block mined successfully!
[2024-07-13_20-36-07 INFO src\network\sender.rs blockchain::network::sender] url: https://www.youtube.com/block
[2024-07-13_20-36-07 INFO src\network\node.rs blockchain::network::node] Block mined successfully!
[2024-07-13_20-36-08 INFO src\network\sender.rs blockchain::network::sender] url: https://www.youtube.com/block
[2024-07-13_20-36-08 INFO src\network\node.rs blockchain::network::node] Block mined successfully!
[2024-07-13_20-36-08 INFO src\network\sender.rs blockchain::network::sender] url: https://www.youtube.com/block
[2024-07-13_20-36-08 INFO src\network\node.rs blockchain::network::node] Block mined successfully!
[2024-07-13_20-36-08 INFO src\network\sender.rs blockchain::network::sender] url: https://www.youtube.com/block
[2024-07-13_20-36-08 INFO src\network\node.rs blockchain::network::node] Block mined successfully!
[2024-07-13_20-36-08 INFO src\network\sender.rs blockchain::network::sender] url: https://www.youtube.com/block
[2024-07-13_20-36-08 INFO src\network\node.rs blockchain::network::node] Block mined successfully!
[2024-07-13_20-36-08 INFO src\network\sender.rs blockchain::network::sender] url: https://www.youtube.com/block
[2024-07-13_20-36-08 INFO src\network\node.rs blockchain::network::node] Block mined successfully!
[2024-07-13_20-36-08 INFO src\network\sender.rs blockchain::network::sender] url: https://www.youtube.com/block
[2024-07-13_20-36-08 INFO src\network\node.rs blockchain::network::node] Block mined successfully!
[2024-07-13_20-36-08 INFO src\network\sender.rs blockchain::network::sender] url: https://www.youtube.com/block
[2024-07-13_20-36-08 INFO src\network\node.rs blockchain::network::node] Block mined successfully!
[2024-07-13_20-36-09 INFO src\network\sender.rs blockchain::network::sender] url: https://www.youtube.com/block
[2024-07-13_20-36-09 INFO src\network\node.rs blockchain::network::node] Block mined successfully!
[2024-07-13_20-36-09 INFO src\network\sender.rs blockchain::network::sender] url: https://www.youtube.com/block
[2024-07-13_20-36-09 INFO src\network\node.rs blockchain::network::node] Block mined successfully!
[2024-07-13_20-36-09 INFO src\network\sender.rs blockchain::network::sender] url: https://www.youtube.com/block
[2024-07-13_20-36-09 INFO src\network\node.rs blockchain::network::node] Block mined successfully!
[2024-07-13_20-36-09 INFO src\network\sender.rs blockchain::network::sender] url: https://www.youtube.com/block
[2024-07-13_20-36-09 INFO src\network\node.rs blockchain::network::node] Block mined successfully!
[2024-07-13_20-36-09 INFO src\network\sender.rs blockchain::network::sender] url: https://www.youtube.com/block
[2024-07-13_20-36-09 INFO src\network\node.rs blockchain::network::node] Block mined successfully!
[2024-07-13_20-36-09 INFO src\network\sender.rs blockchain::network::sender] url: https://www.youtube.com/block
[2024-07-13_20-36-09 INFO src\network\node.rs blockchain::network::node] Block mined successfully!
[2024-07-13_20-36-09 INFO src\network\sender.rs blockchain::network::sender] url: https://www.youtube.com/block
[2024-07-13_20-36-09 INFO src\network\node.rs blockchain::network::node] Block mined successfully!
[2024-07-13_20-36-10 INFO src\network\sender.rs blockchain::network::sender] url: https://www.youtube.com/block
[2024-07-13_20-36-10 INFO src\network\node.rs blockchain::network::node] Block mined successfully!
[2024-07-13_20-36-10 INFO src\network\sender.rs blockchain::network::sender] url: https://www.youtube.com/block
[2024-07-13_20-36-10 INFO src\network\node.rs blockchain::network::node] Block mined successfully!
[2024-07-13_20-36-10 INFO src\network\sender.rs blockchain::network::sender] url: https://www.youtube.com/block
[2024-07-13_20-36-10 INFO src\network\node.rs blockchain::network::node] Block mined successfully!
[2024-07-13_20-36-10 INFO src\network\sender.rs blockchain::network::sender] url: https://www.youtube.com/block
[2024-07-13_20-36-10 INFO src\network\node.rs blockchain::network::node] Block mined successfully!
[2024-07-13_20-36-10 INFO src\network\sender.rs blockchain::network::sender] url: https://www.youtube.com/block
[2024-07-13_20-36-10 INFO src\network\node.rs blockchain::network::node] Block mined successfully!
[2024-07-13_20-36-10 INFO src\network\sender.rs blockchain::network::sender] url: https://www.youtube.com/block
[2024-07-13_20-36-10 INFO src\network\node.rs blockchain::network::node] Block mined successfully!
[2024-07-13_20-36-10 INFO src\network\sender.rs blockchain::network::sender] url: https://www.youtube.com/block
[2024-07-13_20-36-10 INFO src\network\node.rs blockchain::network::node] Block mined successfully!
[2024-07-13_20-36-11 INFO src\network\sender.rs blockchain::network::sender] url: https://www.youtube.com/block
[2024-07-13_20-36-11 INFO src\network\node.rs blockchain::network::node] Block mined successfully!
[2024-07-13_20-36-11 INFO src\network\sender.rs blockchain::network::sender] url: https://www.youtube.com/block
[2024-07-13_20-36-11 INFO src\network\node.rs blockchain::network::node] Block mined successfully!
[2024-07-13_20-36-11 INFO src\network\sender.rs blockchain::network::sender] url: https://www.youtube.com/block
[2024-07-13_20-36-11 INFO src\network\node.rs blockchain::network::node] Block mined successfully!
[2024-07-13_20-36-11 INFO src\network\sender.rs blockchain::network::sender] url: https://www.youtube.com/block
[2024-07-13_20-36-11 INFO src\network\node.rs blockchain::network::node] Block mined successfully!
[2024-07-13_20-36-11 INFO src\network\sender.rs blockchain::network::sender] url: https://www.youtube.com/block
[2024-07-13_20-36-11 INFO src\network\node.rs blockchain::network::node] Block mined successfully!
[2024-07-13_20-36-11 INFO src\network\sender.rs blockchain::network::sender] url: https://www.youtube.com/block
[2024-07-13_20-36-11 INFO src\network\node.rs blockchain::network::node] Block mined successfully!
[2024-07-13_20-36-11 INFO src\network\sender.rs blockchain::network::sender] url: https://www.youtube.com/block
[2024-07-13_20-36-11 INFO src\network\node.rs blockchain::network::node] Block mined successfully!
[2024-07-13_20-36-12 INFO src\network\sender.rs blockchain::network::sender] url: https://www.youtube.com/block
[2024-07-13_20-36-12 INFO src\network\node.rs blockchain::network::node] Block mined successfully!
[2024-07-13_20-36-12 INFO src\network\sender.rs blockchain::network::sender] url: https://www.youtube.com/block
[2024-07-13_20-36-12 INFO src\network\node.rs blockchain::network::node] Block mined successfully!
[2024-07-13_20-36-12 INFO src\network\sender.rs blockchain::network::sender] url: https://www.youtube.com/block
[2024-07-13_20-36-12 INFO src\network\node.rs blockchain::network::node] Block mined successfully!
[2024-07-13_20-36-12 INFO src\network\sender.rs blockchain::network::sender] url: https://www.youtube.com/block
[2024-07-13_20-36-12 INFO src\network\node.rs blockchain::network::node] Block mined successfully!
[2024-07-13_20-36-12 INFO src\network\sender.rs blockchain::network::sender] url: https://www.youtube.com/block
[2024-07-13_20-36-12 INFO src\network\node.rs blockchain::network::node] Block mined successfully!
[2024-07-13_20-36-12 INFO src\network\sender.rs blockchain::network::sender] url: https://www.youtube.com/block
[2024-07-13_20-36-12 INFO src\network\node.rs blockchain::network::node] Block mined successfully!
[2024-07-13_20-36-12 INFO src\network\sender.rs blockchain::network::sender] url: https://www.youtube.com/block
[2024-07-13_20-36-12 INFO src\network\node.rs blockchain::network::node] Block mined successfully!
[2024-07-13_20-36-12 INFO src\network\sender.rs blockchain::network::sender] url: https://www.youtube.com/block
[2024-07-13_20-36-12 INFO src\network\node.rs blockchain::network::node] Block mined successfully!
[2024-07-13_20-36-13 INFO src\network\sender.rs blockchain::network::sender] url: https://www.youtube.com/block
[2024-07-13_20-36-13 INFO src\network\node.rs blockchain::network::node] Block mined successfully!
[2024-07-13_20-36-13 INFO src\network\sender.rs blockchain::network::sender] url: https://www.youtube.com/block
[2024-07-13_20-36-13 INFO src\network\node.rs blockchain::network::node] Block mined successfully!
[2024-07-13_20-36-13 INFO src\network\sender.rs blockchain::network::sender] url: https://www.youtube.com/block
[2024-07-13_20-36-13 INFO src\network\node.rs blockchain::network::node] Block mined successfully!
[2024-07-13_20-36-13 INFO src\network\sender.rs blockchain::network::sender] url: https://www.youtube.com/block
[2024-07-13_20-36-13 INFO src\network\node.rs blockchain::network::node] Block mined successfully!
[2024-07-13_20-36-13 INFO src\network\sender.rs blockchain::network::sender] url: https://www.youtube.com/block
[2024-07-13_20-36-13 INFO src\network\node.rs blockchain::network::node] Block mined successfully!
[2024-07-13_20-36-13 INFO src\network\sender.rs blockchain::network::sender] url: https://www.youtube.com/block
[2024-07-13_20-36-13 INFO src\network\node.rs blockchain::network::node] Block mined successfully!
[2024-07-13_20-36-13 INFO src\network\sender.rs blockchain::network::sender] url: https://www.youtube.com/block
[2024-07-13_20-36-13 INFO src\network\node.rs blockchain::network::node] Block mined successfully!
[2024-07-13_20-36-14 INFO src\network\sender.rs blockchain::network::sender] url: https://www.youtube.com/block
[2024-07-13_20-36-14 INFO src\network\node.rs blockchain::network::node] Block mined successfully!
[2024-07-13_20-36-14 INFO src\network\sender.rs blockchain::network::sender] url: https://www.youtube.com/block
[2024-07-13_20-36-14 INFO src\network\node.rs blockchain::network::node] Block mined successfully!
[2024-07-13_20-36-14 INFO src\network\sender.rs blockchain::network::sender] url: https://www.youtube.com/block
[2024-07-13_20-36-14 INFO src\network\node.rs blockchain::network::node] Block mined successfully!
[2024-07-13_20-36-14 INFO src\network\sender.rs blockchain::network::sender] url: https://www.youtube.com/block
[2024-07-13_20-36-14 INFO src\network\node.rs blockchain::network::node] Block mined successfully!
[2024-07-13_20-36-14 INFO src\network\sender.rs blockchain::network::sender] url: https://www.youtube.com/block
[2024-07-13_20-36-14 INFO src\network\node.rs blockchain::network::node] Block mined successfully!
[2024-07-13_20-36-14 INFO src/main.rs blockchain] Shutting down program...
[2024-07-13_20-36-14 INFO src\network\sender.rs blockchain::network::sender] url: https://www.youtube.com/block
[2024-07-13_20-36-14 INFO src\network\node.rs blockchain::network::node] Block mined successfully!
[2024-07-13_20-36-14 INFO src\network\sender.rs blockchain::network::sender] url: https://www.youtube.com/block
[2024-07-13_20-36-14 INFO src\network\node.rs blockchain::network::node] Block mined successfully!
[2024-07-13_20-36-14 INFO src/main.rs blockchain] Program exited successfully
